<?xml version="1.0" encoding="UTF-8"?>
<!-- Generated by org.testng.reporters.JUnitXMLReporter -->
<testsuite ignored="0" hostname="Manishs-MacBook-Air.local" failures="1" tests="3" name="OpenCartTests" time="48.979" errors="0" timestamp="2026-06-08T15:45:16 IST">
  <testcase classname="testCases.TC001_LoginTest" name="loginTest" time="5.424"/>
  <testcase classname="testCases.TC002_SearchProductTest" name="searchProductTest" time="4.456"/>
  <testcase classname="testCases.TC003_AddToCartTest" name="addToCartTest" time="6.002">
    <failure type="java.lang.AssertionError" message="expected [true] but found [false]">
      <![CDATA[java.lang.AssertionError: expected [true] but found [false]
at testCases.TC003_AddToCartTest.addToCartTest(TC003_AddToCartTest.java:20)
at java.base/java.util.ArrayList.forEach(ArrayList.java:1511)
... Removed 29 stack frames]]>
    </failure>
  </testcase> <!-- addToCartTest -->
</testsuite> <!-- OpenCartTests -->
